<?xml version="1.0" encoding="UTF-8"?>
<!-- Generated by org.testng.reporters.JUnitReportReporter -->
<testsuite skipped="0" hostname="DESKTOP-SIJHIP0" name="AutomationFacebook.ObjectModel" tests="6" failures="0" timestamp="06 May 2019 17:17:00 GMT" time="106.574" errors="0">
  <testcase name="writePost" time="1.137" classname="AutomationFacebook.ObjectModel"/>
  <testcase name="message" time="2.257" classname="AutomationFacebook.ObjectModel"/>
  <testcase name="download" time="32.970" classname="AutomationFacebook.ObjectModel"/>
  <testcase name="login_account" time="62.491" classname="AutomationFacebook.ObjectModel"/>
  <testcase name="retuenHome" time="0.421" classname="AutomationFacebook.ObjectModel"/>
  <testcase name="sreachfor" time="7.298" classname="AutomationFacebook.ObjectModel"/>
</testsuite> <!-- AutomationFacebook.ObjectModel -->
