<?xml version="1.0" encoding="UTF-8"?>
<!-- Generated by org.testng.reporters.JUnitReportReporter -->
<testsuite skipped="0" hostname="DESKTOP-SIJHIP0" name="AutomationFacebook.readdatadriven" tests="1" failures="0" timestamp="24 Apr 2019 01:23:51 GMT" time="36.165" errors="0">
  <testcase name="fbLoginLogout" time="36.165" classname="AutomationFacebook.readdatadriven"/>
</testsuite> <!-- AutomationFacebook.readdatadriven -->
