<?xml version="1.0" encoding="UTF-8"?>
<!-- Generated by org.testng.reporters.JUnitReportReporter -->
<testsuite skipped="0" hostname="DESKTOP-SIJHIP0" name="settings_mobile.NewTest_setting_mobile" tests="1" failures="0" timestamp="01 May 2019 21:47:45 GMT" time="12.932" errors="0">
  <testcase name="f" time="12.932" classname="settings_mobile.NewTest_setting_mobile"/>
</testsuite> <!-- settings_mobile.NewTest_setting_mobile -->
